This is XeTeX, Version 3.14159265-2.6-0.99996 (TeX Live 2016) (preloaded format=xelatex 2017.2.21)  3 MAY 2017 22:36
entering extended mode
 restricted \write18 enabled.
 %&-line parsing enabled.
**test.tex
(/usr/local/texlive/2016/texmf-dist/tex/latex/tools/q.tex
LaTeX2e <2017/01/01> patch level 1
Babel <3.9r> and hyphenation patterns for 83 language(s) loaded.
File ignored
)
! Emergency stop.
<*> test.tex
            
*** (job aborted, no legal \end found)

 
Here is how much of TeX's memory you used:
 6 strings out of 493080
 173 string characters out of 6135780
 55584 words of memory out of 5000000
 4012 multiletter control sequences out of 15000+600000
 3640 words of font info for 14 fonts, out of 8000000 for 9000
 1347 hyphenation exceptions out of 8191
 5i,0n,1p,88b,8s stack positions out of 5000i,500n,10000p,200000b,80000s
No pages of output.
